Vivado Simulator 2020.1
Copyright 1986-1999, 2001-2020 Xilinx, Inc. All Rights Reserved.
Running: C:/Xilinx/Vivado/2020.1/bin/unwrapped/win64.o/xelab.exe -wto 8d3de9b0dd5a40909ad5a7a301b1f0e5 --incr --debug typical --relax --mt 2 -L xil_defaultlib -L secureip --snapshot tb_ALU_func_synth xil_defaultlib.tb_ALU -log elaborate.log 
Using 2 slave threads.
Starting static elaboration
Completed static elaboration
Starting simulation data flow analysis
Completed simulation data flow analysis
Time Resolution for simulation is 1ps
Compiling package std.standard
Compiling package std.textio
Compiling package ieee.std_logic_1164
Compiling package ieee.numeric_std
Compiling package unisim.vcomponents
Compiling package ieee.vital_timing
Compiling package ieee.vital_primitives
Compiling package unisim.vpkg
Compiling architecture ibuf_v of entity unisim.IBUF [\IBUF(1,9)(1,1)(1,4)(1,7)\]
Compiling architecture obuf_v of entity unisim.OBUF [\OBUF(1,9)(1,7)(1,4)\]
Compiling architecture lut2_v of entity unisim.LUT2 [\LUT2(init="0110")(0,3)\]
Compiling architecture lut5_v of entity unisim.LUT5 [\LUT5(init="01101001011001101001...]
Compiling architecture lut4_v of entity unisim.LUT4 [\LUT4(init="0110100110010110")(0...]
Compiling architecture lut6_v of entity unisim.LUT6 [\LUT6(init="01101001100110010110...]
Compiling architecture lut5_v of entity unisim.LUT5 [\LUT5(init="11110111111010100100...]
Compiling architecture structure of entity xil_defaultlib.ALU_4bit [alu_4bit_default]
Compiling architecture behavioral of entity xil_defaultlib.tb_alu
Built simulation snapshot tb_ALU_func_synth
